<?xml version="1.0" encoding="UTF-8"?>
<!-- Generated by org.testng.reporters.JUnitXMLReporter -->
<testsuite ignored="0" hostname="DESKTOP-TALLGF8" failures="0" tests="4" name="Test1" time="104.537" errors="0" timestamp="2022-05-30T23:17:20 IST">
  <testcase classname="com.SauceDemo.TestClasses.TC04MultipleProductFunctionality" name="mulproductfunctionality" time="1.274"/>
  <testcase classname="com.SauceDemo.TestClasses.TC02LogOutFunctionality" name="LogOutFunctionality" time="0.662"/>
  <testcase classname="com.SauceDemo.TestClasses.TC01LoginFunctionality" name="LoginFunctionalityTest" time="0.006"/>
  <testcase classname="com.SauceDemo.TestClasses.TC03SingleProductSelectFunctionality" name="selectproductfunctionality" time="0.842"/>
</testsuite> <!-- Test1 -->
