<?xml version="1.0" encoding="UTF-8"?>
<!-- Generated by org.testng.reporters.JUnitXMLReporter -->
<testsuite ignored="0" hostname="DESKTOP-TALLGF8" failures="0" tests="4" name="Test" time="53.602" errors="0" timestamp="2022-05-31T19:03:19 IST">
  <testcase classname="com.SauceDemo.TestClasses.TC04MultipleProductFunctionality" name="mulproductfunctionality" time="0.562"/>
  <testcase classname="com.SauceDemo.TestClasses.TC02LogOutFunctionality" name="LogOutFunctionality" time="0.553"/>
  <testcase classname="com.SauceDemo.TestClasses.TC01LoginFunctionality" name="LoginFunctionalityTest" time="0.01"/>
  <testcase classname="com.SauceDemo.TestClasses.TC03SingleProductSelectFunctionality" name="selectproductfunctionality" time="0.526"/>
</testsuite> <!-- Test -->
